=== Market Scanner Automation Started ===
Scanner-ul va rula la fiecare 3600 secunde.
Pentru a opri, apasă CTRL+C sau închide terminalul (dacă rulează în foreground).
[Thu Dec 11 18:24:46 EET 2025] Rulare scanner...
/Users/danieldragomir/antigravity/market_scanner.py:73: FutureWarning: YF.download() has changed argument auto_adjust default to True
  df = yf.download(ticker, period="1y", progress=False)
/Users/danieldragomir/antigravity/market_scanner.py:73: FutureWarning: YF.download() has changed argument auto_adjust default to True
  df = yf.download(ticker, period="1y", progress=False)
/Users/danieldragomir/antigravity/market_scanner.py:73: FutureWarning: YF.download() has changed argument auto_adjust default to True
  df = yf.download(ticker, period="1y", progress=False)
/Users/danieldragomir/antigravity/market_scanner.py:73: FutureWarning: YF.download() has changed argument auto_adjust default to True
  df = yf.download(ticker, period="1y", progress=False)
/Users/danieldragomir/antigravity/market_scanner.py:73: FutureWarning: YF.download() has changed argument auto_adjust default to True
  df = yf.download(ticker, period="1y", progress=False)
/Users/danieldragomir/antigravity/market_scanner.py:73: FutureWarning: YF.download() has changed argument auto_adjust default to True
  df = yf.download(ticker, period="1y", progress=False)
/Users/danieldragomir/antigravity/market_scanner.py:73: FutureWarning: YF.download() has changed argument auto_adjust default to True
  df = yf.download(ticker, period="1y", progress=False)
/Users/danieldragomir/antigravity/market_scanner.py:73: FutureWarning: YF.download() has changed argument auto_adjust default to True
  df = yf.download(ticker, period="1y", progress=False)
/Users/danieldragomir/antigravity/market_scanner.py:73: FutureWarning: YF.download() has changed argument auto_adjust default to True
  df = yf.download(ticker, period="1y", progress=False)
/Users/danieldragomir/antigravity/market_scanner.py:73: FutureWarning: YF.download() has changed argument auto_adjust default to True
  df = yf.download(ticker, period="1y", progress=False)
HTTP Error 404: {"quoteSummary":{"result":null,"error":{"code":"Not Found","description":"Quote not found for symbol: SXRZ"}}}

1 Failed download:
['SXRZ']: YFPricesMissingError('possibly delisted; no price data found  (period=1y) (Yahoo error = "No data found, symbol may be delisted")')
/Users/danieldragomir/antigravity/market_scanner.py:73: FutureWarning: YF.download() has changed argument auto_adjust default to True
  df = yf.download(ticker, period="1y", progress=False)
/Users/danieldragomir/antigravity/market_scanner.py:73: FutureWarning: YF.download() has changed argument auto_adjust default to True
  df = yf.download(ticker, period="1y", progress=False)
/Users/danieldragomir/antigravity/market_scanner.py:73: FutureWarning: YF.download() has changed argument auto_adjust default to True
  df = yf.download(ticker, period="1y", progress=False)
/Users/danieldragomir/antigravity/market_scanner.py:73: FutureWarning: YF.download() has changed argument auto_adjust default to True
  df = yf.download(ticker, period="1y", progress=False)
/Users/danieldragomir/antigravity/market_scanner.py:73: FutureWarning: YF.download() has changed argument auto_adjust default to True
  df = yf.download(ticker, period="1y", progress=False)
/Users/danieldragomir/antigravity/market_scanner.py:73: FutureWarning: YF.download() has changed argument auto_adjust default to True
  df = yf.download(ticker, period="1y", progress=False)
/Users/danieldragomir/antigravity/market_scanner.py:73: FutureWarning: YF.download() has changed argument auto_adjust default to True
  df = yf.download(ticker, period="1y", progress=False)
/Users/danieldragomir/antigravity/market_scanner.py:73: FutureWarning: YF.download() has changed argument auto_adjust default to True
  df = yf.download(ticker, period="1y", progress=False)
/Users/danieldragomir/antigravity/market_scanner.py:73: FutureWarning: YF.download() has changed argument auto_adjust default to True
  df = yf.download(ticker, period="1y", progress=False)
/Users/danieldragomir/antigravity/market_scanner.py:73: FutureWarning: YF.download() has changed argument auto_adjust default to True
  df = yf.download(ticker, period="1y", progress=False)
/Users/danieldragomir/antigravity/market_scanner.py:73: FutureWarning: YF.download() has changed argument auto_adjust default to True
  df = yf.download(ticker, period="1y", progress=False)
=== Market Scanner (Standard) ===
Se analizează 21 tickere...
Valoarea curentă VIX: 15.92
Procesare: UUUU
Procesare: APLD
Procesare: MSFT
Procesare: DNN
Procesare: URG
Procesare: META
Procesare: NVDA
Procesare: DVLT
Procesare: QBTS
Procesare: SXRZ
Nu există date pentru SXRZ
Procesare: FCX
Procesare: MELI
Procesare: AMPX
Procesare: MARA
Procesare: AMZN
Procesare: ORCL
Procesare: MSTR
Procesare: TE
Procesare: LNG
Procesare: TSM
Procesare: SMR

Succes! Rezultatele au fost salvate în 'scan_results.csv'
Raport HTML generat: /Users/danieldragomir/antigravity/dashboard.html

Preview:
  Ticker   Price             Trend  ...  SMA_200 VIX_Tag              Date
0   UUUU   15.31  Bullish Pullback  ...     9.84  Normal  2025-12-11 18:24
1   APLD   29.95    Strong Bullish  ...    15.41  Normal  2025-12-11 18:24
2   MSFT  480.11  Bullish Pullback  ...   470.00  Normal  2025-12-11 18:24
3    DNN    2.74    Strong Bullish  ...     2.04  Normal  2025-12-11 18:24
4    URG    1.17  Bullish Pullback  ...     1.16  Normal  2025-12-11 18:24

[5 rows x 11 columns]
[Thu Dec 11 18:25:36 EET 2025] Finalizat. Următoarea rulare peste 1 oră.
[Fri Dec 12 11:07:58 EET 2025] Rulare scanner...
/Users/danieldragomir/antigravity/market_scanner.py:73: FutureWarning: YF.download() has changed argument auto_adjust default to True
  df = yf.download(ticker, period="1y", progress=False)
/Users/danieldragomir/antigravity/market_scanner.py:73: FutureWarning: YF.download() has changed argument auto_adjust default to True
  df = yf.download(ticker, period="1y", progress=False)
/Users/danieldragomir/antigravity/market_scanner.py:73: FutureWarning: YF.download() has changed argument auto_adjust default to True
  df = yf.download(ticker, period="1y", progress=False)
/Users/danieldragomir/antigravity/market_scanner.py:73: FutureWarning: YF.download() has changed argument auto_adjust default to True
  df = yf.download(ticker, period="1y", progress=False)
/Users/danieldragomir/antigravity/market_scanner.py:73: FutureWarning: YF.download() has changed argument auto_adjust default to True
  df = yf.download(ticker, period="1y", progress=False)
/Users/danieldragomir/antigravity/market_scanner.py:73: FutureWarning: YF.download() has changed argument auto_adjust default to True
  df = yf.download(ticker, period="1y", progress=False)
/Users/danieldragomir/antigravity/market_scanner.py:73: FutureWarning: YF.download() has changed argument auto_adjust default to True
  df = yf.download(ticker, period="1y", progress=False)
/Users/danieldragomir/antigravity/market_scanner.py:73: FutureWarning: YF.download() has changed argument auto_adjust default to True
  df = yf.download(ticker, period="1y", progress=False)
/Users/danieldragomir/antigravity/market_scanner.py:73: FutureWarning: YF.download() has changed argument auto_adjust default to True
  df = yf.download(ticker, period="1y", progress=False)
HTTP Error 404: {"quoteSummary":{"result":null,"error":{"code":"Not Found","description":"Quote not found for symbol: SXRZ"}}}

1 Failed download:
['SXRZ']: YFPricesMissingError('possibly delisted; no price data found  (period=1y) (Yahoo error = "No data found, symbol may be delisted")')
/Users/danieldragomir/antigravity/market_scanner.py:73: FutureWarning: YF.download() has changed argument auto_adjust default to True
  df = yf.download(ticker, period="1y", progress=False)
/Users/danieldragomir/antigravity/market_scanner.py:73: FutureWarning: YF.download() has changed argument auto_adjust default to True
  df = yf.download(ticker, period="1y", progress=False)
/Users/danieldragomir/antigravity/market_scanner.py:73: FutureWarning: YF.download() has changed argument auto_adjust default to True
  df = yf.download(ticker, period="1y", progress=False)
/Users/danieldragomir/antigravity/market_scanner.py:73: FutureWarning: YF.download() has changed argument auto_adjust default to True
  df = yf.download(ticker, period="1y", progress=False)
/Users/danieldragomir/antigravity/market_scanner.py:73: FutureWarning: YF.download() has changed argument auto_adjust default to True
  df = yf.download(ticker, period="1y", progress=False)
/Users/danieldragomir/antigravity/market_scanner.py:73: FutureWarning: YF.download() has changed argument auto_adjust default to True
  df = yf.download(ticker, period="1y", progress=False)
/Users/danieldragomir/antigravity/market_scanner.py:73: FutureWarning: YF.download() has changed argument auto_adjust default to True
  df = yf.download(ticker, period="1y", progress=False)
/Users/danieldragomir/antigravity/market_scanner.py:73: FutureWarning: YF.download() has changed argument auto_adjust default to True
  df = yf.download(ticker, period="1y", progress=False)
/Users/danieldragomir/antigravity/market_scanner.py:73: FutureWarning: YF.download() has changed argument auto_adjust default to True
  df = yf.download(ticker, period="1y", progress=False)
/Users/danieldragomir/antigravity/market_scanner.py:73: FutureWarning: YF.download() has changed argument auto_adjust default to True
  df = yf.download(ticker, period="1y", progress=False)
/Users/danieldragomir/antigravity/market_scanner.py:73: FutureWarning: YF.download() has changed argument auto_adjust default to True
  df = yf.download(ticker, period="1y", progress=False)
/Users/danieldragomir/antigravity/market_scanner.py:73: FutureWarning: YF.download() has changed argument auto_adjust default to True
  df = yf.download(ticker, period="1y", progress=False)
=== Market Scanner (Standard) ===
Se analizează 21 tickere...
Valoarea curentă VIX: 14.94
Procesare: ORCL
Procesare: NVDA
Procesare: DNN
Procesare: FCX
Procesare: META
Procesare: SMR
Procesare: AMPX
Procesare: AMZN
Procesare: SXRZ
Nu există date pentru SXRZ
Procesare: TSM
Procesare: URG
Procesare: DVLT
Procesare: APLD
Procesare: UUUU
Procesare: LNG
Procesare: MSTR
Procesare: QBTS
Procesare: MSFT
Procesare: MELI
Procesare: MARA
Procesare: TE

Succes! Rezultatele au fost salvate în 'scan_results.csv'
Raport HTML generat: /Users/danieldragomir/antigravity/dashboard.html

Preview:
  Ticker   Price             Trend  ...  SMA_200 VIX_Tag              Date
0   ORCL  198.85    Strong Bearish  ...   212.29  Normal  2025-12-12 11:08
1   NVDA  180.93  Bullish Pullback  ...   155.78  Normal  2025-12-12 11:08
2    DNN    2.76    Strong Bullish  ...     2.04  Normal  2025-12-12 11:08
3    FCX   48.11    Strong Bullish  ...    40.50  Normal  2025-12-12 11:08
4   META  652.71    Strong Bearish  ...   670.66  Normal  2025-12-12 11:08

[5 rows x 11 columns]
[Fri Dec 12 11:08:48 EET 2025] Finalizat. Următoarea rulare peste 1 oră.
[Fri Dec 12 14:36:37 EET 2025] Rulare scanner...
/Users/danieldragomir/antigravity/market_scanner.py:73: FutureWarning: YF.download() has changed argument auto_adjust default to True
  df = yf.download(ticker, period="1y", progress=False)
/Users/danieldragomir/antigravity/market_scanner.py:73: FutureWarning: YF.download() has changed argument auto_adjust default to True
  df = yf.download(ticker, period="1y", progress=False)
/Users/danieldragomir/antigravity/market_scanner.py:73: FutureWarning: YF.download() has changed argument auto_adjust default to True
  df = yf.download(ticker, period="1y", progress=False)
/Users/danieldragomir/antigravity/market_scanner.py:73: FutureWarning: YF.download() has changed argument auto_adjust default to True
  df = yf.download(ticker, period="1y", progress=False)
/Users/danieldragomir/antigravity/market_scanner.py:73: FutureWarning: YF.download() has changed argument auto_adjust default to True
  df = yf.download(ticker, period="1y", progress=False)
/Users/danieldragomir/antigravity/market_scanner.py:73: FutureWarning: YF.download() has changed argument auto_adjust default to True
  df = yf.download(ticker, period="1y", progress=False)
/Users/danieldragomir/antigravity/market_scanner.py:73: FutureWarning: YF.download() has changed argument auto_adjust default to True
  df = yf.download(ticker, period="1y", progress=False)
/Users/danieldragomir/antigravity/market_scanner.py:73: FutureWarning: YF.download() has changed argument auto_adjust default to True
  df = yf.download(ticker, period="1y", progress=False)
HTTP Error 404: {"quoteSummary":{"result":null,"error":{"code":"Not Found","description":"Quote not found for symbol: SXRZ"}}}

1 Failed download:
['SXRZ']: YFPricesMissingError('possibly delisted; no price data found  (period=1y) (Yahoo error = "No data found, symbol may be delisted")')
/Users/danieldragomir/antigravity/market_scanner.py:73: FutureWarning: YF.download() has changed argument auto_adjust default to True
  df = yf.download(ticker, period="1y", progress=False)
/Users/danieldragomir/antigravity/market_scanner.py:73: FutureWarning: YF.download() has changed argument auto_adjust default to True
  df = yf.download(ticker, period="1y", progress=False)
/Users/danieldragomir/antigravity/market_scanner.py:73: FutureWarning: YF.download() has changed argument auto_adjust default to True
  df = yf.download(ticker, period="1y", progress=False)
/Users/danieldragomir/antigravity/market_scanner.py:73: FutureWarning: YF.download() has changed argument auto_adjust default to True
  df = yf.download(ticker, period="1y", progress=False)
/Users/danieldragomir/antigravity/market_scanner.py:73: FutureWarning: YF.download() has changed argument auto_adjust default to True
  df = yf.download(ticker, period="1y", progress=False)
/Users/danieldragomir/antigravity/market_scanner.py:73: FutureWarning: YF.download() has changed argument auto_adjust default to True
  df = yf.download(ticker, period="1y", progress=False)
/Users/danieldragomir/antigravity/market_scanner.py:73: FutureWarning: YF.download() has changed argument auto_adjust default to True
  df = yf.download(ticker, period="1y", progress=False)
/Users/danieldragomir/antigravity/market_scanner.py:73: FutureWarning: YF.download() has changed argument auto_adjust default to True
  df = yf.download(ticker, period="1y", progress=False)
/Users/danieldragomir/antigravity/market_scanner.py:73: FutureWarning: YF.download() has changed argument auto_adjust default to True
  df = yf.download(ticker, period="1y", progress=False)
/Users/danieldragomir/antigravity/market_scanner.py:73: FutureWarning: YF.download() has changed argument auto_adjust default to True
  df = yf.download(ticker, period="1y", progress=False)
/Users/danieldragomir/antigravity/market_scanner.py:73: FutureWarning: YF.download() has changed argument auto_adjust default to True
  df = yf.download(ticker, period="1y", progress=False)
/Users/danieldragomir/antigravity/market_scanner.py:73: FutureWarning: YF.download() has changed argument auto_adjust default to True
  df = yf.download(ticker, period="1y", progress=False)
/Users/danieldragomir/antigravity/market_scanner.py:73: FutureWarning: YF.download() has changed argument auto_adjust default to True
  df = yf.download(ticker, period="1y", progress=False)
=== Market Scanner (Standard) ===
Se analizează 21 tickere...
Valoarea curentă VIX: 15.17
Procesare: MSTR
Procesare: META
Procesare: URG
Procesare: SMR
Procesare: MARA
Procesare: AMZN
Procesare: TSM
Procesare: SXRZ
Nu există date pentru SXRZ
Procesare: ORCL
Procesare: AMPX
Procesare: MELI
Procesare: TE
Procesare: APLD
Procesare: DVLT
Procesare: NVDA
Procesare: MSFT
Procesare: LNG
Procesare: UUUU
Procesare: FCX
Procesare: QBTS
Procesare: DNN

Succes! Rezultatele au fost salvate în 'scan_results.csv'
Raport HTML generat: /Users/danieldragomir/antigravity/dashboard.html

Preview:
  Ticker   Price             Trend  ...  SMA_200 VIX_Tag              Date
0   MSTR  183.30    Strong Bearish  ...   328.06  Normal  2025-12-12 14:36
1   META  652.71    Strong Bearish  ...   670.66  Normal  2025-12-12 14:36
2    URG    1.25  Bullish Pullback  ...     1.16  Normal  2025-12-12 14:36
3    SMR   21.22    Strong Bearish  ...    30.57  Normal  2025-12-12 14:36
4   MARA   11.84    Strong Bearish  ...    15.45  Normal  2025-12-12 14:36

[5 rows x 11 columns]
/Users/danieldragomir/antigravity/run_scanner.sh: line 3: /usr/local/bin/python3: No such file or directory
/Users/danieldragomir/antigravity/run_scanner.sh: line 3: /usr/local/bin/python3: No such file or directory
/Users/danieldragomir/antigravity/run_scanner.sh: line 3: /usr/local/bin/python3: No such file or directory
/Users/danieldragomir/antigravity/run_scanner.sh: line 3: /usr/local/bin/python3: No such file or directory
/Users/danieldragomir/antigravity/run_scanner.sh: line 3: /usr/local/bin/python3: No such file or directory
/Users/danieldragomir/antigravity/run_scanner.sh: line 3: /usr/local/bin/python3: No such file or directory
/Users/danieldragomir/antigravity/run_scanner.sh: line 3: /usr/local/bin/python3: No such file or directory
/Users/danieldragomir/antigravity/run_scanner.sh: line 3: /usr/local/bin/python3: No such file or directory
/Users/danieldragomir/antigravity/run_scanner.sh: line 3: /usr/local/bin/python3: No such file or directory
/Users/danieldragomir/antigravity/run_scanner.sh: line 3: /usr/local/bin/python3: No such file or directory
/Users/danieldragomir/antigravity/run_scanner.sh: line 3: /usr/local/bin/python3: No such file or directory
/Users/danieldragomir/antigravity/run_scanner.sh: line 3: /usr/local/bin/python3: No such file or directory
/Users/danieldragomir/antigravity/run_scanner.sh: line 3: /usr/local/bin/python3: No such file or directory
/Users/danieldragomir/antigravity/run_scanner.sh: line 3: /usr/local/bin/python3: No such file or directory
/Users/danieldragomir/antigravity/run_scanner.sh: line 3: /usr/local/bin/python3: No such file or directory
/Users/danieldragomir/antigravity/run_scanner.sh: line 3: /usr/local/bin/python3: No such file or directory
/Users/danieldragomir/antigravity/run_scanner.sh: line 3: /usr/local/bin/python3: No such file or directory
/Users/danieldragomir/antigravity/run_scanner.sh: line 3: /usr/local/bin/python3: No such file or directory
/Users/danieldragomir/antigravity/run_scanner.sh: line 3: /usr/local/bin/python3: No such file or directory
/Users/danieldragomir/antigravity/run_scanner.sh: line 3: /usr/local/bin/python3: No such file or directory
/Users/danieldragomir/antigravity/run_scanner.sh: line 3: /usr/local/bin/python3: No such file or directory
/Users/danieldragomir/antigravity/run_scanner.sh: line 3: /usr/local/bin/python3: No such file or directory
/Users/danieldragomir/antigravity/run_scanner.sh: line 3: /usr/local/bin/python3: No such file or directory
/Users/danieldragomir/antigravity/run_scanner.sh: line 3: /usr/local/bin/python3: No such file or directory
/Users/danieldragomir/antigravity/run_scanner.sh: line 3: /usr/local/bin/python3: No such file or directory
/Users/danieldragomir/antigravity/run_scanner.sh: line 3: /usr/local/bin/python3: No such file or directory
/Users/danieldragomir/antigravity/run_scanner.sh: line 3: /usr/local/bin/python3: No such file or directory
/Users/danieldragomir/antigravity/run_scanner.sh: line 3: /usr/local/bin/python3: No such file or directory
/Users/danieldragomir/antigravity/run_scanner.sh: line 3: /usr/local/bin/python3: No such file or directory
/Users/danieldragomir/antigravity/run_scanner.sh: line 3: /usr/local/bin/python3: No such file or directory
/Users/danieldragomir/antigravity/run_scanner.sh: line 3: /usr/local/bin/python3: No such file or directory
